<?xml version="1.0" encoding="UTF-8"?>
<!-- Generated by org.testng.reporters.JUnitXMLReporter -->
<testsuite ignored="0" hostname="DESKTOP-QUDC6GG" failures="0" tests="2" name="NegativeTests" time="35.964" errors="0" timestamp="2020-04-14T19:23:23 MSK">
  <testcase classname="com.herokuapp.theinternet.NegativeTests" name="incorrectPasswordTest" time="19.086"/>
  <testcase classname="com.herokuapp.theinternet.NegativeTests" name="incorrectUsernameTest" time="16.867"/>
</testsuite> <!-- NegativeTests -->
