<?xml version="1.0" encoding="UTF-8"?>
<!-- Generated by org.testng.reporters.JUnitXMLReporter -->
<testsuite hostname="MacBook-Pro.local" ignored="1" name="PositiveTests" tests="1" failures="0" timestamp="2021-04-01T18:32:15 EDT" time="8.02" errors="0">
  <testcase name="positiveLoginTest" time="4.466" classname="com.herokuapp.theinternet.LoginTests"/>
  <testcase name="negativeLoginTest" time="0.0" classname="com.herokuapp.theinternet.LoginTests">
    <ignored/>
  </testcase> <!-- negativeLoginTest -->
</testsuite> <!-- PositiveTests -->
